<?xml version="1.0" encoding="utf-8"?>
<shfbBuild product="Sandcastle Help File Builder and Tools" version="2023.3.4.0" projectFile="C:\Users\Vlad\Desktop\ALLabs\ПППИ\PPPI\Программа\Документация\Документация.shfbproj" started="30.03.2023 9:30:22">
<buildStep step="Initializing">
The Sandcastle tools are located in &#39;C:\Program Files (x86)\EWSoftware\Sandcastle Help File Builder&#39;
Locating components in the following folder(s):
    C:\Users\Vlad\Desktop\ALLabs\ПППИ\PPPI\Программа\Документация
    C:\ProgramData\EWSoftware\Sandcastle Help File Builder\Components and Plug-Ins
    C:\Program Files (x86)\EWSoftware\Sandcastle Help File Builder\Components
Using framework reflection data for &#39;.NET Core/.NET Standard/.NET 5.0+&#39; located in &#39;C:\Program Files (x86)\EWSoftware\Sandcastle Help File Builder\Data\.NET&#39;
Using presentation style &#39;Default2022&#39; located in &#39;C:\Program Files (x86)\EWSoftware\Sandcastle Help File Builder\Components\Default2022&#39;
Loading and initializing plug-ins...
Website Table of Contents Generator Version 2023.3.4.0
Copyright &#169; 2006-2023, Eric Woodruff, All Rights Reserved
-------------------------------
Clearing any prior web/markdown output...
</buildStep>
<buildStep step="ValidatingDocumentationSources">
Validating and copying documentation source information
Source: C:\Users\Vlad\Desktop\ALLabs\ПППИ\PPPI\Программа\PPPI_game\PPPI_game\bin\Debug\net6.0\PPPI_game.dll
    Found assembly &#39;C:\Users\Vlad\Desktop\ALLabs\ПППИ\PPPI\Программа\PPPI_game\PPPI_game\bin\Debug\net6.0\PPPI_game.dll&#39;
Source: C:\Users\Vlad\Desktop\ALLabs\ПППИ\PPPI\Программа\Документация\Документация.xml

Copying XML comments files
    C:\Users\Vlad\Desktop\ALLabs\ПППИ\PPPI\Программа\Документация\Документация.xml -&gt; C:\Users\Vlad\Desktop\ALLabs\ПППИ\PPPI\Программа\Документация\Help\Working\Документация.xml
</buildStep>
<buildStep step="GenerateSharedContent">
Generating shared content files (en-US, Английский (США))...
    Last step completed in 00:00:00,0010
</buildStep>
<buildStep step="GenerateApiFilter">
Generating API filter for MRefBuilder...
    Last step completed in 00:00:00,0010
</buildStep>
<buildStep step="GenerateReflectionInfo">
Generating reflection information...
[C:\Program Files\Microsoft Visual Studio\2022\Community\MSBuild\Current\Bin\amd64\MSBuild.exe - GenerateRefInfo-95a7a571-8aeb-4a18-84bd-d00ec0b349af.proj]
‘Ў&#174;аЄ&#160; &#173;&#160;з&#160;в&#160; 30.03.2023 9:30:23.
Џа&#174;ҐЄв &quot;C:\Users\Vlad\Desktop\ALLabs\ЏЏЏ€\PPPI\Џа&#174;Ја&#160;&#172;&#172;&#160;\„&#174;Єг&#172;Ґ&#173;в&#160;жЁп\Help\Working\GenerateRefInfo-95a7a571-8aeb-4a18-84bd-d00ec0b349af.proj&quot; ў г&#167;&#171;Ґ 1 (жҐ&#171;ҐўлҐ &#174;ЎкҐЄвл Ї&#174; г&#172;&#174;&#171;з&#160;&#173;Ёо).
PrepareForBuild:
  ‘&#174;&#167;&#164;&#160;&#173;ЁҐ Є&#160;в&#160;&#171;&#174;Ј&#160; &quot;obj\Debug\&quot;.
GenerateBindingRedirects:
  ЌҐв ЇаҐ&#164;&#171;&#160;Ј&#160;Ґ&#172;ле ЇҐаҐ&#173;&#160;Їа&#160;ў&#171;Ґ&#173;Ё&#169; ЇаЁўп&#167;ЄЁ &#174;в ResolveAssemblyReferences.
GenerateRefInfo:
  Microsoft.Build (v17.3.1+2badb37d109910fbd3155cf8743224b7a27494d8)
  c Microsoft Corporation. All rights reserved.
  No source code context base path specified.  Source context information is unavailable.
  Loaded 1 assemblies for reflection and 1 dependency assemblies.
  Wrote information on 1 namespaces, 3 types, and 17 members
  Merging duplicate type and member information
  Merged 0 duplicate type(s) and 0 duplicate member(s)
‘Ў&#174;аЄ&#160; Їа&#174;ҐЄв&#160; &quot;C:\Users\Vlad\Desktop\ALLabs\ЏЏЏ€\PPPI\Џа&#174;Ја&#160;&#172;&#172;&#160;\„&#174;Єг&#172;Ґ&#173;в&#160;жЁп\Help\Working\GenerateRefInfo-95a7a571-8aeb-4a18-84bd-d00ec0b349af.proj&quot; &#167;&#160;ўҐаиҐ&#173;&#160; (жҐ&#171;ҐўлҐ &#174;ЎкҐЄвл Ї&#174; г&#172;&#174;&#171;з&#160;&#173;Ёо).
    Last step completed in 00:00:01,6045
</buildStep>
<buildStep step="ApplyDocumentModel">
Applying document model to reflection output...
    Last step completed in 00:00:00,0090
</buildStep>
<buildStep step="AddApiTopicFilenames">
Adding topic filenames to API members...
    Last step completed in 00:00:00,0030
</buildStep>
<buildStep step="GenerateApiTopicManifest">
Generating API topic manifest...
    Last step completed in 00:00:00,0030
</buildStep>
<buildStep step="GenerateNamespaceSummaries">
Generating namespace summary information...
    Last step completed in 00:00:00,0028
</buildStep>
<buildStep step="CopyAdditionalContent">
Copying additional content files...
No additional content to copy
    Last step completed in 00:00:00,0000
</buildStep>
<buildStep step="MergeTablesOfContents">
Merging conceptual and additional tables of contents...
    Last step completed in 00:00:00,0000
</buildStep>
<buildStep step="GenerateIntermediateTableOfContents">
Generating intermediate table of contents file for API content...
Generating conceptual content intermediate TOC file...
    Last step completed in 00:00:00,0020
</buildStep>
<buildStep step="CreateBuildAssemblerConfigs">
Creating Sandcastle configuration files...
    Last step completed in 00:00:00,0568
</buildStep>
<buildStep step="CombiningIntermediateTocFiles">
Combining conceptual and API intermediate TOC files...
    Last step completed in 00:00:00,0010
</buildStep>
<buildStep step="MergeCustomConfigs">
Merging custom build component configurations
C:\Users\Vlad\Desktop\ALLabs\ПППИ\PPPI\Программа\Документация\Help\Working\BuildAssembler.config
  Updating reference topic configurations.
  No conceptual content.  Removing conceptual content components.
    Last step completed in 00:00:00,0070
</buildStep>
<buildStep step="BuildTopics">
Building help topics...
<plugIn name="Website Table of Contents Generator" behavior="Before" priority="1000">
Loading TOC info and adding unique IDs to parent nodes
</plugIn>Loading configuration...
Processing topics...
SHFB: Warning BE0066: ResolveReferenceLinksComponent: [F:PPPI_game.MainSound._groups] Unknown reference link target &#39;T:Groups&#39;.
Processed 26 topic(s)
1 warning(s)
CopyFromIndexComponent: &quot;reflection&quot; in-memory cache entries used: 2 of 15.
CopyFromIndexComponent: &quot;comments&quot; in-memory cache entries used: 2 of 30.
ResolveReferenceLinksComponent: 9 entries added to the member ID URL cache.  New cache size: 9 entries
<plugIn name="Website Table of Contents Generator" behavior="After" priority="1000">
Generating TOC fragment files
</plugIn>    Last step completed in 00:00:03,4905
</buildStep>
<buildStep step="CopyStandardHelpContent">
Copying standard help content...
C:\Program Files (x86)\EWSoftware\Sandcastle Help File Builder\Components\Default2022\css\bulma.css -&gt; C:\Users\Vlad\Desktop\ALLabs\ПППИ\PPPI\Программа\Документация\Help\Working\Output\Website\css\bulma.css
C:\Program Files (x86)\EWSoftware\Sandcastle Help File Builder\Components\Default2022\css\bulma.css.map -&gt; C:\Users\Vlad\Desktop\ALLabs\ПППИ\PPPI\Программа\Документация\Help\Working\Output\Website\css\bulma.css.map
C:\Program Files (x86)\EWSoftware\Sandcastle Help File Builder\Components\Default2022\css\bulma.min.css -&gt; C:\Users\Vlad\Desktop\ALLabs\ПППИ\PPPI\Программа\Документация\Help\Working\Output\Website\css\bulma.min.css
C:\Program Files (x86)\EWSoftware\Sandcastle Help File Builder\Components\Default2022\css\font-awesome.css -&gt; C:\Users\Vlad\Desktop\ALLabs\ПППИ\PPPI\Программа\Документация\Help\Working\Output\Website\css\font-awesome.css
C:\Program Files (x86)\EWSoftware\Sandcastle Help File Builder\Components\Default2022\css\font-awesome.min.css -&gt; C:\Users\Vlad\Desktop\ALLabs\ПППИ\PPPI\Программа\Документация\Help\Working\Output\Website\css\font-awesome.min.css
C:\Program Files (x86)\EWSoftware\Sandcastle Help File Builder\Components\Default2022\css\ja-JP.css -&gt; C:\Users\Vlad\Desktop\ALLabs\ПППИ\PPPI\Программа\Документация\Help\Working\Output\Website\css\ja-JP.css
C:\Program Files (x86)\EWSoftware\Sandcastle Help File Builder\Components\Default2022\css\ko-KR.css -&gt; C:\Users\Vlad\Desktop\ALLabs\ПППИ\PPPI\Программа\Документация\Help\Working\Output\Website\css\ko-KR.css
C:\Program Files (x86)\EWSoftware\Sandcastle Help File Builder\Components\Default2022\css\presentationStyle.css -&gt; C:\Users\Vlad\Desktop\ALLabs\ПППИ\PPPI\Программа\Документация\Help\Working\Output\Website\css\presentationStyle.css
C:\Program Files (x86)\EWSoftware\Sandcastle Help File Builder\Components\Default2022\css\vs.min.css -&gt; C:\Users\Vlad\Desktop\ALLabs\ПППИ\PPPI\Программа\Документация\Help\Working\Output\Website\css\vs.min.css
C:\Program Files (x86)\EWSoftware\Sandcastle Help File Builder\Components\Default2022\css\zh-CN.css -&gt; C:\Users\Vlad\Desktop\ALLabs\ПППИ\PPPI\Программа\Документация\Help\Working\Output\Website\css\zh-CN.css
C:\Program Files (x86)\EWSoftware\Sandcastle Help File Builder\Components\Default2022\css\zh-TW.css -&gt; C:\Users\Vlad\Desktop\ALLabs\ПППИ\PPPI\Программа\Документация\Help\Working\Output\Website\css\zh-TW.css
C:\Program Files (x86)\EWSoftware\Sandcastle Help File Builder\Components\Default2022\icons\favicon.ico -&gt; C:\Users\Vlad\Desktop\ALLabs\ПППИ\PPPI\Программа\Документация\Help\Working\Output\Website\icons\favicon.ico
C:\Program Files (x86)\EWSoftware\Sandcastle Help File Builder\Components\Default2022\scripts\clipboard.min.js -&gt; C:\Users\Vlad\Desktop\ALLabs\ПППИ\PPPI\Программа\Документация\Help\Working\Output\Website\scripts\clipboard.min.js
C:\Program Files (x86)\EWSoftware\Sandcastle Help File Builder\Components\Default2022\scripts\highlight.min.js -&gt; C:\Users\Vlad\Desktop\ALLabs\ПППИ\PPPI\Программа\Документация\Help\Working\Output\Website\scripts\highlight.min.js
C:\Program Files (x86)\EWSoftware\Sandcastle Help File Builder\Components\Default2022\scripts\jquery-3.5.1.min.js -&gt; C:\Users\Vlad\Desktop\ALLabs\ПППИ\PPPI\Программа\Документация\Help\Working\Output\Website\scripts\jquery-3.5.1.min.js
C:\Program Files (x86)\EWSoftware\Sandcastle Help File Builder\Components\Default2022\scripts\presentationStyle.js -&gt; C:\Users\Vlad\Desktop\ALLabs\ПППИ\PPPI\Программа\Документация\Help\Working\Output\Website\scripts\presentationStyle.js
C:\Program Files (x86)\EWSoftware\Sandcastle Help File Builder\Components\Default2022\webfonts\fa-brands-400.ttf -&gt; C:\Users\Vlad\Desktop\ALLabs\ПППИ\PPPI\Программа\Документация\Help\Working\Output\Website\webfonts\fa-brands-400.ttf
C:\Program Files (x86)\EWSoftware\Sandcastle Help File Builder\Components\Default2022\webfonts\fa-brands-400.woff2 -&gt; C:\Users\Vlad\Desktop\ALLabs\ПППИ\PPPI\Программа\Документация\Help\Working\Output\Website\webfonts\fa-brands-400.woff2
C:\Program Files (x86)\EWSoftware\Sandcastle Help File Builder\Components\Default2022\webfonts\fa-regular-400.ttf -&gt; C:\Users\Vlad\Desktop\ALLabs\ПППИ\PPPI\Программа\Документация\Help\Working\Output\Website\webfonts\fa-regular-400.ttf
C:\Program Files (x86)\EWSoftware\Sandcastle Help File Builder\Components\Default2022\webfonts\fa-regular-400.woff2 -&gt; C:\Users\Vlad\Desktop\ALLabs\ПППИ\PPPI\Программа\Документация\Help\Working\Output\Website\webfonts\fa-regular-400.woff2
C:\Program Files (x86)\EWSoftware\Sandcastle Help File Builder\Components\Default2022\webfonts\fa-solid-900.ttf -&gt; C:\Users\Vlad\Desktop\ALLabs\ПППИ\PPPI\Программа\Документация\Help\Working\Output\Website\webfonts\fa-solid-900.ttf
C:\Program Files (x86)\EWSoftware\Sandcastle Help File Builder\Components\Default2022\webfonts\fa-solid-900.woff2 -&gt; C:\Users\Vlad\Desktop\ALLabs\ПППИ\PPPI\Программа\Документация\Help\Working\Output\Website\webfonts\fa-solid-900.woff2
C:\Program Files (x86)\EWSoftware\Sandcastle Help File Builder\Components\Default2022\webfonts\fa-v4compatibility.ttf -&gt; C:\Users\Vlad\Desktop\ALLabs\ПППИ\PPPI\Программа\Документация\Help\Working\Output\Website\webfonts\fa-v4compatibility.ttf
C:\Program Files (x86)\EWSoftware\Sandcastle Help File Builder\Components\Default2022\webfonts\fa-v4compatibility.woff2 -&gt; C:\Users\Vlad\Desktop\ALLabs\ПППИ\PPPI\Программа\Документация\Help\Working\Output\Website\webfonts\fa-v4compatibility.woff2
C:\Program Files (x86)\EWSoftware\Sandcastle Help File Builder\Components\Default2022\RootWebsiteContent\GeneralError.html -&gt; C:\Users\Vlad\Desktop\ALLabs\ПППИ\PPPI\Программа\Документация\Help\Working\Output\Website\GeneralError.html
C:\Program Files (x86)\EWSoftware\Sandcastle Help File Builder\Components\Default2022\RootWebsiteContent\index.html -&gt; C:\Users\Vlad\Desktop\ALLabs\ПППИ\PPPI\Программа\Документация\Help\Working\Output\Website\index.html
C:\Program Files (x86)\EWSoftware\Sandcastle Help File Builder\Components\Default2022\RootWebsiteContent\PageNotFound.html -&gt; C:\Users\Vlad\Desktop\ALLabs\ПППИ\PPPI\Программа\Документация\Help\Working\Output\Website\PageNotFound.html
C:\Program Files (x86)\EWSoftware\Sandcastle Help File Builder\Components\Default2022\RootWebsiteContent\search.html -&gt; C:\Users\Vlad\Desktop\ALLabs\ПППИ\PPPI\Программа\Документация\Help\Working\Output\Website\search.html
C:\Program Files (x86)\EWSoftware\Sandcastle Help File Builder\Components\Default2022\RootWebsiteContent\SearchHelp.aspx -&gt; C:\Users\Vlad\Desktop\ALLabs\ПППИ\PPPI\Программа\Документация\Help\Working\Output\Website\SearchHelp.aspx
C:\Program Files (x86)\EWSoftware\Sandcastle Help File Builder\Components\Default2022\RootWebsiteContent\SearchHelp.inc.php -&gt; C:\Users\Vlad\Desktop\ALLabs\ПППИ\PPPI\Программа\Документация\Help\Working\Output\Website\SearchHelp.inc.php
C:\Program Files (x86)\EWSoftware\Sandcastle Help File Builder\Components\Default2022\RootWebsiteContent\SearchHelp.php -&gt; C:\Users\Vlad\Desktop\ALLabs\ПППИ\PPPI\Программа\Документация\Help\Working\Output\Website\SearchHelp.php
C:\Program Files (x86)\EWSoftware\Sandcastle Help File Builder\Components\Default2022\RootWebsiteContent\Web.Config -&gt; C:\Users\Vlad\Desktop\ALLabs\ПППИ\PPPI\Программа\Документация\Help\Working\Output\Website\Web.Config
    Last step completed in 00:00:00,0489
</buildStep>
<buildStep step="GenerateFullTextIndex">
Generating full-text index for the website...

    Last step completed in 00:00:00,0957
</buildStep>
<buildStep step="CopyingWebsiteFiles">
Copying website files to output folder...

Copied 107 files for the website content
    Last step completed in 00:00:00,1399
</buildStep>
<buildStep step="CleanIntermediates">
Removing intermediate files...
    Last step completed in 00:00:00,0261
</buildStep>
<buildStep step="Completed">

Build completed successfully at 30.03.2023 9:30:28.  Total time: 00:00:06,5534

</buildStep>
</shfbBuild>
